2021-12-31 11:53:25,478:INFO:PyCaret Supervised Module
2021-12-31 11:53:25,479:INFO:ML Usecase: classification
2021-12-31 11:53:25,479:INFO:version 2.3.5
2021-12-31 11:53:25,480:INFO:Initializing setup()
2021-12-31 11:53:25,481:INFO:setup(target=turnover, ml_usecase=classification, available_plots={'parameter': 'Hyperparameters', 'auc': 'AUC', 'confusion_matrix': 'Confusion Matrix', 'threshold': 'Threshold', 'pr': 'Precision Recall', 'error': 'Prediction Error', 'class_report': 'Class Report', 'rfe': 'Feature Selection', 'learning': 'Learning Curve', 'manifold': 'Manifold Learning', 'calibration': 'Calibration Curve', 'vc': 'Validation Curve', 'dimension': 'Dimensions', 'feature': 'Feature Importance', 'feature_all': 'Feature Importance (All)', 'boundary': 'Decision Boundary', 'lift': 'Lift Chart', 'gain': 'Gain Chart', 'tree': 'Decision Tree', 'ks': 'KS Statistic Plot'}, train_size=0.7, test_data=None, preprocess=True, imputation_type=simple, iterative_imputation_iters=5, categorical_features=None, categorical_imputation=constant, categorical_iterative_imputer=lightgbm, ordinal_features=None, high_cardinality_features=None, high_cardinality_method=frequency, numeric_features=['yearsAtCompany'], numeric_imputation=mean, numeric_iterative_imputer=lightgbm, date_features=None, ignore_features=None, normalize=True, normalize_method=minmax, transformation=False, transformation_method=yeo-johnson, handle_unknown_categorical=True, unknown_categorical_method=least_frequent, pca=False, pca_method=linear, pca_components=None, ignore_low_variance=False, combine_rare_levels=False, rare_level_threshold=0.1, bin_numeric_features=None, remove_outliers=False, outliers_threshold=0.05, remove_multicollinearity=False, multicollinearity_threshold=0.9, remove_perfect_collinearity=True, create_clusters=False, cluster_iter=20, polynomial_features=False, polynomial_degree=2, trigonometry_features=False, polynomial_threshold=0.1, group_features=None, group_names=None, feature_selection=False, feature_selection_threshold=0.8, feature_selection_method=classic, feature_interaction=False, feature_ratio=False, interaction_threshold=0.01, fix_imbalance=True, fix_imbalance_method=None, transform_target=False, transform_target_method=box-cox, data_split_shuffle=True, data_split_stratify=True, fold_strategy=stratifiedkfold, fold=10, fold_shuffle=False, fold_groups=None, n_jobs=-1, use_gpu=False, custom_pipeline=None, html=True, session_id=None, log_experiment=False, experiment_name=None, log_plots=False, log_profile=False, log_data=False, silent=False, verbose=True, profile=False, profile_kwargs=None, display=None)
2021-12-31 11:53:25,481:INFO:Checking environment
2021-12-31 11:53:25,482:INFO:python_version: 3.8.5
2021-12-31 11:53:25,482:INFO:python_build: ('default', 'Sep  3 2020 21:29:08')
2021-12-31 11:53:25,483:INFO:machine: AMD64
2021-12-31 11:53:25,484:INFO:platform: Windows-10-10.0.19041-SP0
2021-12-31 11:53:25,484:INFO:Memory: svmem(total=12776984576, available=4172095488, percent=67.3, used=8604889088, free=4172095488)
2021-12-31 11:53:25,484:INFO:Physical Core: 2
2021-12-31 11:53:25,485:INFO:Logical Core: 4
2021-12-31 11:53:25,485:INFO:Checking libraries
2021-12-31 11:53:25,485:INFO:pd==1.1.3
2021-12-31 11:53:25,485:INFO:numpy==1.19.2
2021-12-31 11:53:25,486:INFO:sklearn==0.23.2
2021-12-31 11:53:25,486:INFO:lightgbm==3.3.1
2021-12-31 11:53:25,491:WARNING:catboost not found
2021-12-31 11:53:25,495:WARNING:xgboost not found
2021-12-31 11:53:28,424:INFO:mlflow==1.22.0
2021-12-31 11:53:28,425:INFO:Checking Exceptions
2021-12-31 11:53:28,426:INFO:Declaring global variables
2021-12-31 11:53:28,426:INFO:USI: ff20
2021-12-31 11:53:28,427:INFO:pycaret_globals: {'USI', 'imputation_regressor', '_available_plots', 'exp_name_log', 'display_container', '_gpu_n_jobs_param', '_internal_pipeline', 'y_train', 'experiment__', 'prep_pipe', 'master_model_container', 'gpu_param', '_ml_usecase', 'pycaret_globals', 'seed', 'transform_target_param', '_all_metrics', 'imputation_classifier', 'y', 'transform_target_method_param', 'target_param', 'stratify_param', 'log_plots_param', 'fold_param', 'fix_imbalance_method_param', 'fold_generator', 'X_train', 'html_param', 'X_test', '_all_models', '_all_models_internal', 'iterative_imputation_iters_param', 'create_model_container', 'fold_groups_param_full', 'fold_shuffle_param', 'n_jobs_param', 'fold_groups_param', 'logging_param', 'y_test', 'fix_imbalance_param', 'X', 'data_before_preprocess'}
2021-12-31 11:53:28,427:INFO:Preparing display monitor
2021-12-31 11:53:28,427:INFO:Preparing display monitor
2021-12-31 11:53:28,469:INFO:Importing libraries
2021-12-31 11:53:28,469:INFO:Copying data for preprocessing
2021-12-31 11:53:28,499:INFO:Declaring preprocessing parameters
2021-12-31 11:53:28,508:INFO:Creating preprocessing pipeline
2021-12-31 11:53:28,535:INFO:Preprocessing pipeline created successfully
2021-12-31 11:53:28,535:ERROR:(Process Exit): setup has been interupted with user command 'quit'. setup must rerun.
2021-12-31 11:53:28,536:INFO:Creating global containers
2021-12-31 11:53:28,540:INFO:Internal pipeline: Pipeline(memory=None,
         steps=[('fix_imbalance',
                 SMOTE(k_neighbors=5, n_jobs=None, random_state=1002,
                       sampling_strategy='auto'))],
         verbose=False)
2021-12-31 11:53:36,187:WARNING:Couldn't import xgboost.XGBClassifier
2021-12-31 11:53:36,190:WARNING:Couldn't import catboost.CatBoostClassifier
2021-12-31 11:53:36,517:WARNING:Couldn't import xgboost.XGBClassifier
2021-12-31 11:53:36,520:WARNING:Couldn't import catboost.CatBoostClassifier
2021-12-31 11:53:36,521:INFO:Creating grid variables
2021-12-31 11:53:36,606:INFO:create_model_container: 0
2021-12-31 11:53:36,606:INFO:master_model_container: 0
2021-12-31 11:53:36,606:INFO:display_container: 1
2021-12-31 11:53:36,624:INFO:Pipeline(memory=None,
         steps=[('dtypes',
                 DataTypes_Auto_infer(categorical_features=[],
                                      display_types=True, features_todrop=[],
                                      id_columns=[],
                                      ml_usecase='classification',
                                      numerical_features=['yearsAtCompany'],
                                      target='turnover', time_features=[])),
                ('imputer',
                 Simple_Imputer(categorical_strategy='not_available',
                                fill_value_categorical=None,
                                fill_value_numerical=...
                ('P_transform', 'passthrough'), ('binn', 'passthrough'),
                ('rem_outliers', 'passthrough'), ('cluster_all', 'passthrough'),
                ('dummy', Dummify(target='turnover')),
                ('fix_perfect', Remove_100(target='turnover')),
                ('clean_names', Clean_Colum_Names()),
                ('feature_select', 'passthrough'), ('fix_multi', 'passthrough'),
                ('dfs', 'passthrough'), ('pca', 'passthrough')],
         verbose=False)
2021-12-31 11:53:36,624:INFO:setup() succesfully completed......................................
2021-12-31 11:53:41,693:INFO:Initializing compare_models()
2021-12-31 11:53:41,694:INFO:compare_models(include=None, fold=5, round=4, cross_validation=True, sort=AUC, n_select=1, budget_time=None, turbo=True, errors=ignore, fit_kwargs=None, groups=None, probability_threshold=None, verbose=True, display=None, exclude=None)
2021-12-31 11:53:41,694:INFO:Checking exceptions
2021-12-31 11:53:41,699:INFO:Preparing display monitor
2021-12-31 11:53:41,699:INFO:Preparing display monitor
2021-12-31 11:53:41,815:INFO:Initializing Logistic Regression
2021-12-31 11:53:41,815:INFO:Total runtime is 0.0 minutes
2021-12-31 11:53:41,856:INFO:SubProcess create_model() called ==================================
2021-12-31 11:53:41,858:INFO:Initializing create_model()
2021-12-31 11:53:41,858:INFO:create_model(estimator=lr, fold=StratifiedKFold(n_splits=5, random_state=None, shuffle=False), round=4, cross_validation=True, predict=True, fit_kwargs={}, groups=None, refit=False, verbose=False, system=False, metrics=None, add_to_model_list=True, probability_threshold=None, display=<pycaret.internal.Display.Display object at 0x00000227EC6F7700>, kwargs={})
2021-12-31 11:53:41,859:INFO:Checking exceptions
2021-12-31 11:53:41,859:INFO:Importing libraries
2021-12-31 11:53:41,860:INFO:Copying training dataset
2021-12-31 11:53:41,863:INFO:Defining folds
2021-12-31 11:53:41,863:INFO:Declaring metric variables
2021-12-31 11:53:41,902:INFO:Importing untrained model
2021-12-31 11:53:41,933:INFO:Logistic Regression Imported succesfully
2021-12-31 11:53:42,013:INFO:Starting cross validation
2021-12-31 11:53:42,018:INFO:Cross validating with StratifiedKFold(n_splits=5, random_state=None, shuffle=False), n_jobs=-1
2021-12-31 11:53:59,055:INFO:Calculating mean and std
2021-12-31 11:53:59,057:INFO:Creating metrics dataframe
2021-12-31 11:53:59,070:INFO:Uploading results into container
2021-12-31 11:53:59,071:INFO:Uploading model into container now
2021-12-31 11:53:59,072:INFO:create_model_container: 1
2021-12-31 11:53:59,072:INFO:master_model_container: 1
2021-12-31 11:53:59,073:INFO:display_container: 2
2021-12-31 11:53:59,074:INFO:LogisticRegression(C=1.0, class_weight=None, dual=False, fit_intercept=True,
                   intercept_scaling=1, l1_ratio=None, max_iter=1000,
                   multi_class='auto', n_jobs=None, penalty='l2',
                   random_state=1002, solver='lbfgs', tol=0.0001, verbose=0,
                   warm_start=False)
2021-12-31 11:53:59,074:INFO:create_model() succesfully completed......................................
2021-12-31 11:53:59,209:INFO:SubProcess create_model() end ==================================
2021-12-31 11:53:59,209:INFO:Creating metrics dataframe
2021-12-31 11:53:59,255:INFO:Initializing K Neighbors Classifier
2021-12-31 11:53:59,255:INFO:Total runtime is 0.29066601196924846 minutes
2021-12-31 11:53:59,289:INFO:SubProcess create_model() called ==================================
2021-12-31 11:53:59,291:INFO:Initializing create_model()
2021-12-31 11:53:59,291:INFO:create_model(estimator=knn, fold=StratifiedKFold(n_splits=5, random_state=None, shuffle=False), round=4, cross_validation=True, predict=True, fit_kwargs={}, groups=None, refit=False, verbose=False, system=False, metrics=None, add_to_model_list=True, probability_threshold=None, display=<pycaret.internal.Display.Display object at 0x00000227EC6F7700>, kwargs={})
2021-12-31 11:53:59,291:INFO:Checking exceptions
2021-12-31 11:53:59,294:INFO:Importing libraries
2021-12-31 11:53:59,295:INFO:Copying training dataset
2021-12-31 11:53:59,298:INFO:Defining folds
2021-12-31 11:53:59,298:INFO:Declaring metric variables
2021-12-31 11:53:59,339:INFO:Importing untrained model
2021-12-31 11:53:59,373:INFO:K Neighbors Classifier Imported succesfully
2021-12-31 11:53:59,447:INFO:Starting cross validation
2021-12-31 11:53:59,455:INFO:Cross validating with StratifiedKFold(n_splits=5, random_state=None, shuffle=False), n_jobs=-1
2021-12-31 11:54:00,900:INFO:Calculating mean and std
2021-12-31 11:54:00,903:INFO:Creating metrics dataframe
2021-12-31 11:54:00,922:INFO:Uploading results into container
2021-12-31 11:54:00,922:INFO:Uploading model into container now
2021-12-31 11:54:00,923:INFO:create_model_container: 2
2021-12-31 11:54:00,923:INFO:master_model_container: 2
2021-12-31 11:54:00,924:INFO:display_container: 2
2021-12-31 11:54:00,925:INFO:KNeighborsClassifier(algorithm='auto', leaf_size=30, metric='minkowski',
                     metric_params=None, n_jobs=-1, n_neighbors=5, p=2,
                     weights='uniform')
2021-12-31 11:54:00,925:INFO:create_model() succesfully completed......................................
2021-12-31 11:54:01,070:INFO:SubProcess create_model() end ==================================
2021-12-31 11:54:01,071:INFO:Creating metrics dataframe
2021-12-31 11:54:01,124:INFO:Initializing Naive Bayes
2021-12-31 11:54:01,124:INFO:Total runtime is 0.32181366682052615 minutes
2021-12-31 11:54:01,156:INFO:SubProcess create_model() called ==================================
2021-12-31 11:54:01,157:INFO:Initializing create_model()
2021-12-31 11:54:01,158:INFO:create_model(estimator=nb, fold=StratifiedKFold(n_splits=5, random_state=None, shuffle=False), round=4, cross_validation=True, predict=True, fit_kwargs={}, groups=None, refit=False, verbose=False, system=False, metrics=None, add_to_model_list=True, probability_threshold=None, display=<pycaret.internal.Display.Display object at 0x00000227EC6F7700>, kwargs={})
2021-12-31 11:54:01,158:INFO:Checking exceptions
2021-12-31 11:54:01,161:INFO:Importing libraries
2021-12-31 11:54:01,162:INFO:Copying training dataset
2021-12-31 11:54:01,166:INFO:Defining folds
2021-12-31 11:54:01,167:INFO:Declaring metric variables
2021-12-31 11:54:01,207:INFO:Importing untrained model
2021-12-31 11:54:01,248:INFO:Naive Bayes Imported succesfully
2021-12-31 11:54:01,353:INFO:Starting cross validation
2021-12-31 11:54:01,356:INFO:Cross validating with StratifiedKFold(n_splits=5, random_state=None, shuffle=False), n_jobs=-1
2021-12-31 11:54:01,721:INFO:Calculating mean and std
2021-12-31 11:54:01,725:INFO:Creating metrics dataframe
2021-12-31 11:54:01,744:INFO:Uploading results into container
2021-12-31 11:54:01,745:INFO:Uploading model into container now
2021-12-31 11:54:01,746:INFO:create_model_container: 3
2021-12-31 11:54:01,746:INFO:master_model_container: 3
2021-12-31 11:54:01,746:INFO:display_container: 2
2021-12-31 11:54:01,747:INFO:GaussianNB(priors=None, var_smoothing=1e-09)
2021-12-31 11:54:01,747:INFO:create_model() succesfully completed......................................
2021-12-31 11:54:01,892:INFO:SubProcess create_model() end ==================================
2021-12-31 11:54:01,893:INFO:Creating metrics dataframe
2021-12-31 11:54:01,948:INFO:Initializing Decision Tree Classifier
2021-12-31 11:54:01,948:INFO:Total runtime is 0.33555187384287516 minutes
2021-12-31 11:54:01,986:INFO:SubProcess create_model() called ==================================
2021-12-31 11:54:01,988:INFO:Initializing create_model()
2021-12-31 11:54:01,990:INFO:create_model(estimator=dt, fold=StratifiedKFold(n_splits=5, random_state=None, shuffle=False), round=4, cross_validation=True, predict=True, fit_kwargs={}, groups=None, refit=False, verbose=False, system=False, metrics=None, add_to_model_list=True, probability_threshold=None, display=<pycaret.internal.Display.Display object at 0x00000227EC6F7700>, kwargs={})
2021-12-31 11:54:01,990:INFO:Checking exceptions
2021-12-31 11:54:01,990:INFO:Importing libraries
2021-12-31 11:54:01,993:INFO:Copying training dataset
2021-12-31 11:54:02,003:INFO:Defining folds
2021-12-31 11:54:02,003:INFO:Declaring metric variables
2021-12-31 11:54:02,041:INFO:Importing untrained model
2021-12-31 11:54:02,082:INFO:Decision Tree Classifier Imported succesfully
2021-12-31 11:54:02,151:INFO:Starting cross validation
2021-12-31 11:54:02,160:INFO:Cross validating with StratifiedKFold(n_splits=5, random_state=None, shuffle=False), n_jobs=-1
2021-12-31 11:54:02,695:INFO:Calculating mean and std
2021-12-31 11:54:02,698:INFO:Creating metrics dataframe
2021-12-31 11:54:02,719:INFO:Uploading results into container
2021-12-31 11:54:02,719:INFO:Uploading model into container now
2021-12-31 11:54:02,719:INFO:create_model_container: 4
2021-12-31 11:54:02,720:INFO:master_model_container: 4
2021-12-31 11:54:02,720:INFO:display_container: 2
2021-12-31 11:54:02,722:INFO:DecisionTreeClassifier(ccp_alpha=0.0, class_weight=None, criterion='gini',
                       max_depth=None, max_features=None, max_leaf_nodes=None,
                       min_impurity_decrease=0.0, min_impurity_split=None,
                       min_samples_leaf=1, min_samples_split=2,
                       min_weight_fraction_leaf=0.0, presort='deprecated',
                       random_state=1002, splitter='best')
2021-12-31 11:54:02,722:INFO:create_model() succesfully completed......................................
2021-12-31 11:54:02,854:INFO:SubProcess create_model() end ==================================
2021-12-31 11:54:02,854:INFO:Creating metrics dataframe
2021-12-31 11:54:02,935:INFO:Initializing SVM - Linear Kernel
2021-12-31 11:54:02,936:INFO:Total runtime is 0.35201855103174845 minutes
2021-12-31 11:54:02,976:INFO:SubProcess create_model() called ==================================
2021-12-31 11:54:02,978:INFO:Initializing create_model()
2021-12-31 11:54:02,979:INFO:create_model(estimator=svm, fold=StratifiedKFold(n_splits=5, random_state=None, shuffle=False), round=4, cross_validation=True, predict=True, fit_kwargs={}, groups=None, refit=False, verbose=False, system=False, metrics=None, add_to_model_list=True, probability_threshold=None, display=<pycaret.internal.Display.Display object at 0x00000227EC6F7700>, kwargs={})
2021-12-31 11:54:02,979:INFO:Checking exceptions
2021-12-31 11:54:02,980:INFO:Importing libraries
2021-12-31 11:54:02,980:INFO:Copying training dataset
2021-12-31 11:54:02,983:INFO:Defining folds
2021-12-31 11:54:02,984:INFO:Declaring metric variables
2021-12-31 11:54:03,032:INFO:Importing untrained model
2021-12-31 11:54:03,073:INFO:SVM - Linear Kernel Imported succesfully
2021-12-31 11:54:03,153:INFO:Starting cross validation
2021-12-31 11:54:03,156:INFO:Cross validating with StratifiedKFold(n_splits=5, random_state=None, shuffle=False), n_jobs=-1
2021-12-31 11:54:04,846:INFO:Calculating mean and std
2021-12-31 11:54:04,848:INFO:Creating metrics dataframe
2021-12-31 11:54:04,865:INFO:Uploading results into container
2021-12-31 11:54:04,865:INFO:Uploading model into container now
2021-12-31 11:54:04,866:INFO:create_model_container: 5
2021-12-31 11:54:04,866:INFO:master_model_container: 5
2021-12-31 11:54:04,867:INFO:display_container: 2
2021-12-31 11:54:04,869:INFO:SGDClassifier(alpha=0.0001, average=False, class_weight=None,
              early_stopping=False, epsilon=0.1, eta0=0.001, fit_intercept=True,
              l1_ratio=0.15, learning_rate='optimal', loss='hinge',
              max_iter=1000, n_iter_no_change=5, n_jobs=-1, penalty='l2',
              power_t=0.5, random_state=1002, shuffle=True, tol=0.001,
              validation_fraction=0.1, verbose=0, warm_start=False)
2021-12-31 11:54:04,870:INFO:create_model() succesfully completed......................................
2021-12-31 11:54:05,004:INFO:SubProcess create_model() end ==================================
2021-12-31 11:54:05,005:INFO:Creating metrics dataframe
2021-12-31 11:54:05,061:INFO:Initializing Ridge Classifier
2021-12-31 11:54:05,062:INFO:Total runtime is 0.3874524116516113 minutes
2021-12-31 11:54:05,096:INFO:SubProcess create_model() called ==================================
2021-12-31 11:54:05,101:INFO:Initializing create_model()
2021-12-31 11:54:05,101:INFO:create_model(estimator=ridge, fold=StratifiedKFold(n_splits=5, random_state=None, shuffle=False), round=4, cross_validation=True, predict=True, fit_kwargs={}, groups=None, refit=False, verbose=False, system=False, metrics=None, add_to_model_list=True, probability_threshold=None, display=<pycaret.internal.Display.Display object at 0x00000227EC6F7700>, kwargs={})
2021-12-31 11:54:05,102:INFO:Checking exceptions
2021-12-31 11:54:05,103:INFO:Importing libraries
2021-12-31 11:54:05,103:INFO:Copying training dataset
2021-12-31 11:54:05,106:INFO:Defining folds
2021-12-31 11:54:05,107:INFO:Declaring metric variables
2021-12-31 11:54:05,154:INFO:Importing untrained model
2021-12-31 11:54:05,189:INFO:Ridge Classifier Imported succesfully
2021-12-31 11:54:05,259:INFO:Starting cross validation
2021-12-31 11:54:05,263:INFO:Cross validating with StratifiedKFold(n_splits=5, random_state=None, shuffle=False), n_jobs=-1
2021-12-31 11:54:05,688:INFO:Calculating mean and std
2021-12-31 11:54:05,690:INFO:Creating metrics dataframe
2021-12-31 11:54:05,705:INFO:Uploading results into container
2021-12-31 11:54:05,706:INFO:Uploading model into container now
2021-12-31 11:54:05,706:INFO:create_model_container: 6
2021-12-31 11:54:05,706:INFO:master_model_container: 6
2021-12-31 11:54:05,707:INFO:display_container: 2
2021-12-31 11:54:05,708:INFO:RidgeClassifier(alpha=1.0, class_weight=None, copy_X=True, fit_intercept=True,
                max_iter=None, normalize=False, random_state=1002,
                solver='auto', tol=0.001)
2021-12-31 11:54:05,709:INFO:create_model() succesfully completed......................................
2021-12-31 11:54:05,841:INFO:SubProcess create_model() end ==================================
2021-12-31 11:54:05,842:INFO:Creating metrics dataframe
2021-12-31 11:54:05,901:INFO:Initializing Random Forest Classifier
2021-12-31 11:54:05,901:INFO:Total runtime is 0.4014358599980672 minutes
2021-12-31 11:54:05,939:INFO:SubProcess create_model() called ==================================
2021-12-31 11:54:05,942:INFO:Initializing create_model()
2021-12-31 11:54:05,944:INFO:create_model(estimator=rf, fold=StratifiedKFold(n_splits=5, random_state=None, shuffle=False), round=4, cross_validation=True, predict=True, fit_kwargs={}, groups=None, refit=False, verbose=False, system=False, metrics=None, add_to_model_list=True, probability_threshold=None, display=<pycaret.internal.Display.Display object at 0x00000227EC6F7700>, kwargs={})
2021-12-31 11:54:05,944:INFO:Checking exceptions
2021-12-31 11:54:05,945:INFO:Importing libraries
2021-12-31 11:54:05,945:INFO:Copying training dataset
2021-12-31 11:54:05,949:INFO:Defining folds
2021-12-31 11:54:05,950:INFO:Declaring metric variables
2021-12-31 11:54:06,002:INFO:Importing untrained model
2021-12-31 11:54:06,057:INFO:Random Forest Classifier Imported succesfully
2021-12-31 11:54:06,166:INFO:Starting cross validation
2021-12-31 11:54:06,171:INFO:Cross validating with StratifiedKFold(n_splits=5, random_state=None, shuffle=False), n_jobs=-1
2021-12-31 11:54:15,936:INFO:Calculating mean and std
2021-12-31 11:54:15,940:INFO:Creating metrics dataframe
2021-12-31 11:54:15,963:INFO:Uploading results into container
2021-12-31 11:54:15,964:INFO:Uploading model into container now
2021-12-31 11:54:15,964:INFO:create_model_container: 7
2021-12-31 11:54:15,965:INFO:master_model_container: 7
2021-12-31 11:54:15,965:INFO:display_container: 2
2021-12-31 11:54:15,967:INFO:RandomForestClassifier(bootstrap=True, ccp_alpha=0.0, class_weight=None,
                       criterion='gini', max_depth=None, max_features='auto',
                       max_leaf_nodes=None, max_samples=None,
                       min_impurity_decrease=0.0, min_impurity_split=None,
                       min_samples_leaf=1, min_samples_split=2,
                       min_weight_fraction_leaf=0.0, n_estimators=100,
                       n_jobs=-1, oob_score=False, random_state=1002, verbose=0,
                       warm_start=False)
2021-12-31 11:54:15,968:INFO:create_model() succesfully completed......................................
2021-12-31 11:54:16,148:INFO:SubProcess create_model() end ==================================
2021-12-31 11:54:16,148:INFO:Creating metrics dataframe
2021-12-31 11:54:16,220:INFO:Initializing Quadratic Discriminant Analysis
2021-12-31 11:54:16,221:INFO:Total runtime is 0.5734376947085063 minutes
2021-12-31 11:54:16,294:INFO:SubProcess create_model() called ==================================
2021-12-31 11:54:16,298:INFO:Initializing create_model()
2021-12-31 11:54:16,298:INFO:create_model(estimator=qda, fold=StratifiedKFold(n_splits=5, random_state=None, shuffle=False), round=4, cross_validation=True, predict=True, fit_kwargs={}, groups=None, refit=False, verbose=False, system=False, metrics=None, add_to_model_list=True, probability_threshold=None, display=<pycaret.internal.Display.Display object at 0x00000227EC6F7700>, kwargs={})
2021-12-31 11:54:16,298:INFO:Checking exceptions
2021-12-31 11:54:16,300:INFO:Importing libraries
2021-12-31 11:54:16,301:INFO:Copying training dataset
2021-12-31 11:54:16,305:INFO:Defining folds
2021-12-31 11:54:16,310:INFO:Declaring metric variables
2021-12-31 11:54:16,392:INFO:Importing untrained model
2021-12-31 11:54:16,485:INFO:Quadratic Discriminant Analysis Imported succesfully
2021-12-31 11:54:16,587:INFO:Starting cross validation
2021-12-31 11:54:16,590:INFO:Cross validating with StratifiedKFold(n_splits=5, random_state=None, shuffle=False), n_jobs=-1
2021-12-31 11:54:17,031:INFO:Calculating mean and std
2021-12-31 11:54:17,035:INFO:Creating metrics dataframe
2021-12-31 11:54:17,062:INFO:Uploading results into container
2021-12-31 11:54:17,063:INFO:Uploading model into container now
2021-12-31 11:54:17,064:INFO:create_model_container: 8
2021-12-31 11:54:17,065:INFO:master_model_container: 8
2021-12-31 11:54:17,065:INFO:display_container: 2
2021-12-31 11:54:17,066:INFO:QuadraticDiscriminantAnalysis(priors=None, reg_param=0.0,
                              store_covariance=False, tol=0.0001)
2021-12-31 11:54:17,067:INFO:create_model() succesfully completed......................................
2021-12-31 11:54:17,216:INFO:SubProcess create_model() end ==================================
2021-12-31 11:54:17,216:INFO:Creating metrics dataframe
2021-12-31 11:54:17,284:INFO:Initializing Ada Boost Classifier
2021-12-31 11:54:17,285:INFO:Total runtime is 0.5911621252695719 minutes
2021-12-31 11:54:17,339:INFO:SubProcess create_model() called ==================================
2021-12-31 11:54:17,341:INFO:Initializing create_model()
2021-12-31 11:54:17,341:INFO:create_model(estimator=ada, fold=StratifiedKFold(n_splits=5, random_state=None, shuffle=False), round=4, cross_validation=True, predict=True, fit_kwargs={}, groups=None, refit=False, verbose=False, system=False, metrics=None, add_to_model_list=True, probability_threshold=None, display=<pycaret.internal.Display.Display object at 0x00000227EC6F7700>, kwargs={})
2021-12-31 11:54:17,342:INFO:Checking exceptions
2021-12-31 11:54:17,342:INFO:Importing libraries
2021-12-31 11:54:17,343:INFO:Copying training dataset
2021-12-31 11:54:17,346:INFO:Defining folds
2021-12-31 11:54:17,347:INFO:Declaring metric variables
2021-12-31 11:54:17,389:INFO:Importing untrained model
2021-12-31 11:54:17,431:INFO:Ada Boost Classifier Imported succesfully
2021-12-31 11:54:17,522:INFO:Starting cross validation
2021-12-31 11:54:17,525:INFO:Cross validating with StratifiedKFold(n_splits=5, random_state=None, shuffle=False), n_jobs=-1
2021-12-31 11:54:22,387:INFO:Calculating mean and std
2021-12-31 11:54:22,392:INFO:Creating metrics dataframe
2021-12-31 11:54:22,414:INFO:Uploading results into container
2021-12-31 11:54:22,414:INFO:Uploading model into container now
2021-12-31 11:54:22,415:INFO:create_model_container: 9
2021-12-31 11:54:22,416:INFO:master_model_container: 9
2021-12-31 11:54:22,416:INFO:display_container: 2
2021-12-31 11:54:22,417:INFO:AdaBoostClassifier(algorithm='SAMME.R', base_estimator=None, learning_rate=1.0,
                   n_estimators=50, random_state=1002)
2021-12-31 11:54:22,417:INFO:create_model() succesfully completed......................................
2021-12-31 11:54:22,613:INFO:SubProcess create_model() end ==================================
2021-12-31 11:54:22,613:INFO:Creating metrics dataframe
2021-12-31 11:54:22,766:INFO:Initializing Gradient Boosting Classifier
2021-12-31 11:54:22,766:INFO:Total runtime is 0.6825103799502055 minutes
2021-12-31 11:54:22,850:INFO:SubProcess create_model() called ==================================
2021-12-31 11:54:22,854:INFO:Initializing create_model()
2021-12-31 11:54:22,855:INFO:create_model(estimator=gbc, fold=StratifiedKFold(n_splits=5, random_state=None, shuffle=False), round=4, cross_validation=True, predict=True, fit_kwargs={}, groups=None, refit=False, verbose=False, system=False, metrics=None, add_to_model_list=True, probability_threshold=None, display=<pycaret.internal.Display.Display object at 0x00000227EC6F7700>, kwargs={})
2021-12-31 11:54:22,855:INFO:Checking exceptions
2021-12-31 11:54:22,856:INFO:Importing libraries
2021-12-31 11:54:22,856:INFO:Copying training dataset
2021-12-31 11:54:22,861:INFO:Defining folds
2021-12-31 11:54:22,861:INFO:Declaring metric variables
2021-12-31 11:54:22,920:INFO:Importing untrained model
2021-12-31 11:54:22,980:INFO:Gradient Boosting Classifier Imported succesfully
2021-12-31 11:54:23,091:INFO:Starting cross validation
2021-12-31 11:54:23,098:INFO:Cross validating with StratifiedKFold(n_splits=5, random_state=None, shuffle=False), n_jobs=-1
2021-12-31 11:54:34,153:INFO:Calculating mean and std
2021-12-31 11:54:34,158:INFO:Creating metrics dataframe
2021-12-31 11:54:34,191:INFO:Uploading results into container
2021-12-31 11:54:34,192:INFO:Uploading model into container now
2021-12-31 11:54:34,193:INFO:create_model_container: 10
2021-12-31 11:54:34,193:INFO:master_model_container: 10
2021-12-31 11:54:34,193:INFO:display_container: 2
2021-12-31 11:54:34,196:INFO:GradientBoostingClassifier(ccp_alpha=0.0, criterion='friedman_mse', init=None,
                           learning_rate=0.1, loss='deviance', max_depth=3,
                           max_features=None, max_leaf_nodes=None,
                           min_impurity_decrease=0.0, min_impurity_split=None,
                           min_samples_leaf=1, min_samples_split=2,
                           min_weight_fraction_leaf=0.0, n_estimators=100,
                           n_iter_no_change=None, presort='deprecated',
                           random_state=1002, subsample=1.0, tol=0.0001,
                           validation_fraction=0.1, verbose=0,
                           warm_start=False)
2021-12-31 11:54:34,196:INFO:create_model() succesfully completed......................................
2021-12-31 11:54:34,558:INFO:SubProcess create_model() end ==================================
2021-12-31 11:54:34,558:INFO:Creating metrics dataframe
2021-12-31 11:54:34,897:INFO:Initializing Linear Discriminant Analysis
2021-12-31 11:54:34,898:INFO:Total runtime is 0.8847214182217915 minutes
2021-12-31 11:54:34,970:INFO:SubProcess create_model() called ==================================
2021-12-31 11:54:34,972:INFO:Initializing create_model()
2021-12-31 11:54:34,972:INFO:create_model(estimator=lda, fold=StratifiedKFold(n_splits=5, random_state=None, shuffle=False), round=4, cross_validation=True, predict=True, fit_kwargs={}, groups=None, refit=False, verbose=False, system=False, metrics=None, add_to_model_list=True, probability_threshold=None, display=<pycaret.internal.Display.Display object at 0x00000227EC6F7700>, kwargs={})
2021-12-31 11:54:34,972:INFO:Checking exceptions
2021-12-31 11:54:34,974:INFO:Importing libraries
2021-12-31 11:54:34,974:INFO:Copying training dataset
2021-12-31 11:54:34,977:INFO:Defining folds
2021-12-31 11:54:34,978:INFO:Declaring metric variables
2021-12-31 11:54:35,070:INFO:Importing untrained model
2021-12-31 11:54:35,131:INFO:Linear Discriminant Analysis Imported succesfully
2021-12-31 11:54:35,264:INFO:Starting cross validation
2021-12-31 11:54:35,274:INFO:Cross validating with StratifiedKFold(n_splits=5, random_state=None, shuffle=False), n_jobs=-1
2021-12-31 11:54:36,023:INFO:Calculating mean and std
2021-12-31 11:54:36,029:INFO:Creating metrics dataframe
2021-12-31 11:54:36,053:INFO:Uploading results into container
2021-12-31 11:54:36,053:INFO:Uploading model into container now
2021-12-31 11:54:36,054:INFO:create_model_container: 11
2021-12-31 11:54:36,054:INFO:master_model_container: 11
2021-12-31 11:54:36,055:INFO:display_container: 2
2021-12-31 11:54:36,057:INFO:LinearDiscriminantAnalysis(n_components=None, priors=None, shrinkage=None,
                           solver='svd', store_covariance=False, tol=0.0001)
2021-12-31 11:54:36,058:INFO:create_model() succesfully completed......................................
2021-12-31 11:54:36,290:INFO:SubProcess create_model() end ==================================
2021-12-31 11:54:36,291:INFO:Creating metrics dataframe
2021-12-31 11:54:36,432:INFO:Initializing Extra Trees Classifier
2021-12-31 11:54:36,433:INFO:Total runtime is 0.9103006362915038 minutes
2021-12-31 11:54:36,484:INFO:SubProcess create_model() called ==================================
2021-12-31 11:54:36,485:INFO:Initializing create_model()
2021-12-31 11:54:36,486:INFO:create_model(estimator=et, fold=StratifiedKFold(n_splits=5, random_state=None, shuffle=False), round=4, cross_validation=True, predict=True, fit_kwargs={}, groups=None, refit=False, verbose=False, system=False, metrics=None, add_to_model_list=True, probability_threshold=None, display=<pycaret.internal.Display.Display object at 0x00000227EC6F7700>, kwargs={})
2021-12-31 11:54:36,486:INFO:Checking exceptions
2021-12-31 11:54:36,486:INFO:Importing libraries
2021-12-31 11:54:36,487:INFO:Copying training dataset
2021-12-31 11:54:36,491:INFO:Defining folds
2021-12-31 11:54:36,491:INFO:Declaring metric variables
2021-12-31 11:54:36,542:INFO:Importing untrained model
2021-12-31 11:54:36,604:INFO:Extra Trees Classifier Imported succesfully
2021-12-31 11:54:36,717:INFO:Starting cross validation
2021-12-31 11:54:36,721:INFO:Cross validating with StratifiedKFold(n_splits=5, random_state=None, shuffle=False), n_jobs=-1
2021-12-31 11:54:49,151:INFO:Calculating mean and std
2021-12-31 11:54:49,156:INFO:Creating metrics dataframe
2021-12-31 11:54:49,175:INFO:Uploading results into container
2021-12-31 11:54:49,176:INFO:Uploading model into container now
2021-12-31 11:54:49,177:INFO:create_model_container: 12
2021-12-31 11:54:49,177:INFO:master_model_container: 12
2021-12-31 11:54:49,177:INFO:display_container: 2
2021-12-31 11:54:49,180:INFO:ExtraTreesClassifier(bootstrap=False, ccp_alpha=0.0, class_weight=None,
                     criterion='gini', max_depth=None, max_features='auto',
                     max_leaf_nodes=None, max_samples=None,
                     min_impurity_decrease=0.0, min_impurity_split=None,
                     min_samples_leaf=1, min_samples_split=2,
                     min_weight_fraction_leaf=0.0, n_estimators=100, n_jobs=-1,
                     oob_score=False, random_state=1002, verbose=0,
                     warm_start=False)
2021-12-31 11:54:49,180:INFO:create_model() succesfully completed......................................
2021-12-31 11:54:49,405:INFO:SubProcess create_model() end ==================================
2021-12-31 11:54:49,406:INFO:Creating metrics dataframe
2021-12-31 11:54:49,578:INFO:Initializing Light Gradient Boosting Machine
2021-12-31 11:54:49,578:INFO:Total runtime is 1.1293854713439941 minutes
2021-12-31 11:54:49,662:INFO:SubProcess create_model() called ==================================
2021-12-31 11:54:49,663:INFO:Initializing create_model()
2021-12-31 11:54:49,664:INFO:create_model(estimator=lightgbm, fold=StratifiedKFold(n_splits=5, random_state=None, shuffle=False), round=4, cross_validation=True, predict=True, fit_kwargs={}, groups=None, refit=False, verbose=False, system=False, metrics=None, add_to_model_list=True, probability_threshold=None, display=<pycaret.internal.Display.Display object at 0x00000227EC6F7700>, kwargs={})
2021-12-31 11:54:49,664:INFO:Checking exceptions
2021-12-31 11:54:49,664:INFO:Importing libraries
2021-12-31 11:54:49,665:INFO:Copying training dataset
2021-12-31 11:54:49,668:INFO:Defining folds
2021-12-31 11:54:49,668:INFO:Declaring metric variables
2021-12-31 11:54:49,751:INFO:Importing untrained model
2021-12-31 11:54:49,820:INFO:Light Gradient Boosting Machine Imported succesfully
2021-12-31 11:54:49,921:INFO:Starting cross validation
2021-12-31 11:54:49,924:INFO:Cross validating with StratifiedKFold(n_splits=5, random_state=None, shuffle=False), n_jobs=-1
2021-12-31 11:54:58,141:INFO:Calculating mean and std
2021-12-31 11:54:58,145:INFO:Creating metrics dataframe
2021-12-31 11:54:58,166:INFO:Uploading results into container
2021-12-31 11:54:58,166:INFO:Uploading model into container now
2021-12-31 11:54:58,167:INFO:create_model_container: 13
2021-12-31 11:54:58,167:INFO:master_model_container: 13
2021-12-31 11:54:58,168:INFO:display_container: 2
2021-12-31 11:54:58,170:INFO:LGBMClassifier(boosting_type='gbdt', class_weight=None, colsample_bytree=1.0,
               importance_type='split', learning_rate=0.1, max_depth=-1,
               min_child_samples=20, min_child_weight=0.001, min_split_gain=0.0,
               n_estimators=100, n_jobs=-1, num_leaves=31, objective=None,
               random_state=1002, reg_alpha=0.0, reg_lambda=0.0, silent='warn',
               subsample=1.0, subsample_for_bin=200000, subsample_freq=0)
2021-12-31 11:54:58,170:INFO:create_model() succesfully completed......................................
2021-12-31 11:54:58,374:INFO:SubProcess create_model() end ==================================
2021-12-31 11:54:58,375:INFO:Creating metrics dataframe
2021-12-31 11:54:58,533:INFO:Initializing Dummy Classifier
2021-12-31 11:54:58,534:INFO:Total runtime is 1.2786426107088724 minutes
2021-12-31 11:54:58,577:INFO:SubProcess create_model() called ==================================
2021-12-31 11:54:58,578:INFO:Initializing create_model()
2021-12-31 11:54:58,578:INFO:create_model(estimator=dummy, fold=StratifiedKFold(n_splits=5, random_state=None, shuffle=False), round=4, cross_validation=True, predict=True, fit_kwargs={}, groups=None, refit=False, verbose=False, system=False, metrics=None, add_to_model_list=True, probability_threshold=None, display=<pycaret.internal.Display.Display object at 0x00000227EC6F7700>, kwargs={})
2021-12-31 11:54:58,579:INFO:Checking exceptions
2021-12-31 11:54:58,579:INFO:Importing libraries
2021-12-31 11:54:58,580:INFO:Copying training dataset
2021-12-31 11:54:58,586:INFO:Defining folds
2021-12-31 11:54:58,587:INFO:Declaring metric variables
2021-12-31 11:54:58,641:INFO:Importing untrained model
2021-12-31 11:54:58,681:INFO:Dummy Classifier Imported succesfully
2021-12-31 11:54:58,781:INFO:Starting cross validation
2021-12-31 11:54:58,784:INFO:Cross validating with StratifiedKFold(n_splits=5, random_state=None, shuffle=False), n_jobs=-1
2021-12-31 11:54:59,240:INFO:Calculating mean and std
2021-12-31 11:54:59,243:INFO:Creating metrics dataframe
2021-12-31 11:54:59,262:INFO:Uploading results into container
2021-12-31 11:54:59,263:INFO:Uploading model into container now
2021-12-31 11:54:59,263:INFO:create_model_container: 14
2021-12-31 11:54:59,264:INFO:master_model_container: 14
2021-12-31 11:54:59,264:INFO:display_container: 2
2021-12-31 11:54:59,264:INFO:DummyClassifier(constant=None, random_state=1002, strategy='prior')
2021-12-31 11:54:59,265:INFO:create_model() succesfully completed......................................
2021-12-31 11:54:59,568:INFO:SubProcess create_model() end ==================================
2021-12-31 11:54:59,589:INFO:Creating metrics dataframe
2021-12-31 11:54:59,908:INFO:Initializing create_model()
2021-12-31 11:54:59,908:INFO:create_model(estimator=GradientBoostingClassifier(ccp_alpha=0.0, criterion='friedman_mse', init=None,
                           learning_rate=0.1, loss='deviance', max_depth=3,
                           max_features=None, max_leaf_nodes=None,
                           min_impurity_decrease=0.0, min_impurity_split=None,
                           min_samples_leaf=1, min_samples_split=2,
                           min_weight_fraction_leaf=0.0, n_estimators=100,
                           n_iter_no_change=None, presort='deprecated',
                           random_state=1002, subsample=1.0, tol=0.0001,
                           validation_fraction=0.1, verbose=0,
                           warm_start=False), fold=StratifiedKFold(n_splits=5, random_state=None, shuffle=False), round=4, cross_validation=False, predict=False, fit_kwargs={}, groups=None, refit=True, verbose=False, system=False, metrics=None, add_to_model_list=True, probability_threshold=None, display=None, kwargs={})
2021-12-31 11:54:59,909:INFO:Checking exceptions
2021-12-31 11:54:59,910:INFO:Importing libraries
2021-12-31 11:54:59,910:INFO:Copying training dataset
2021-12-31 11:54:59,911:INFO:Defining folds
2021-12-31 11:54:59,912:INFO:Declaring metric variables
2021-12-31 11:54:59,912:INFO:Importing untrained model
2021-12-31 11:54:59,912:INFO:Declaring custom model
2021-12-31 11:54:59,916:INFO:Gradient Boosting Classifier Imported succesfully
2021-12-31 11:54:59,919:INFO:Cross validation set to False
2021-12-31 11:54:59,919:INFO:Fitting Model
2021-12-31 11:55:04,208:INFO:GradientBoostingClassifier(ccp_alpha=0.0, criterion='friedman_mse', init=None,
                           learning_rate=0.1, loss='deviance', max_depth=3,
                           max_features=None, max_leaf_nodes=None,
                           min_impurity_decrease=0.0, min_impurity_split=None,
                           min_samples_leaf=1, min_samples_split=2,
                           min_weight_fraction_leaf=0.0, n_estimators=100,
                           n_iter_no_change=None, presort='deprecated',
                           random_state=1002, subsample=1.0, tol=0.0001,
                           validation_fraction=0.1, verbose=0,
                           warm_start=False)
2021-12-31 11:55:04,208:INFO:create_models() succesfully completed......................................
2021-12-31 11:55:04,536:INFO:create_model_container: 14
2021-12-31 11:55:04,537:INFO:master_model_container: 14
2021-12-31 11:55:04,537:INFO:display_container: 2
2021-12-31 11:55:04,539:INFO:GradientBoostingClassifier(ccp_alpha=0.0, criterion='friedman_mse', init=None,
                           learning_rate=0.1, loss='deviance', max_depth=3,
                           max_features=None, max_leaf_nodes=None,
                           min_impurity_decrease=0.0, min_impurity_split=None,
                           min_samples_leaf=1, min_samples_split=2,
                           min_weight_fraction_leaf=0.0, n_estimators=100,
                           n_iter_no_change=None, presort='deprecated',
                           random_state=1002, subsample=1.0, tol=0.0001,
                           validation_fraction=0.1, verbose=0,
                           warm_start=False)
2021-12-31 11:55:04,540:INFO:compare_models() succesfully completed......................................
2021-12-31 11:56:25,007:INFO:Initializing create_model()
2021-12-31 11:56:25,007:INFO:create_model(estimator=gbc, fold=5, round=4, cross_validation=True, predict=True, fit_kwargs=None, groups=None, refit=True, verbose=True, system=True, metrics=None, add_to_model_list=True, probability_threshold=None, display=None, kwargs={})
2021-12-31 11:56:25,008:INFO:Checking exceptions
2021-12-31 11:56:25,008:INFO:Preparing display monitor
2021-12-31 11:56:25,091:INFO:Importing libraries
2021-12-31 11:56:25,092:INFO:Copying training dataset
2021-12-31 11:56:25,099:INFO:Defining folds
2021-12-31 11:56:25,100:INFO:Declaring metric variables
2021-12-31 11:56:25,131:INFO:Importing untrained model
2021-12-31 11:56:25,170:INFO:Gradient Boosting Classifier Imported succesfully
2021-12-31 11:56:25,256:INFO:Starting cross validation
2021-12-31 11:56:25,260:INFO:Cross validating with StratifiedKFold(n_splits=5, random_state=None, shuffle=False), n_jobs=-1
2021-12-31 11:56:31,951:INFO:Calculating mean and std
2021-12-31 11:56:31,955:INFO:Creating metrics dataframe
2021-12-31 11:56:32,006:INFO:Finalizing model
2021-12-31 11:56:34,514:INFO:Uploading results into container
2021-12-31 11:56:34,514:INFO:Uploading model into container now
2021-12-31 11:56:34,747:INFO:create_model_container: 15
2021-12-31 11:56:34,748:INFO:master_model_container: 15
2021-12-31 11:56:34,749:INFO:display_container: 3
2021-12-31 11:56:34,769:INFO:GradientBoostingClassifier(ccp_alpha=0.0, criterion='friedman_mse', init=None,
                           learning_rate=0.1, loss='deviance', max_depth=3,
                           max_features=None, max_leaf_nodes=None,
                           min_impurity_decrease=0.0, min_impurity_split=None,
                           min_samples_leaf=1, min_samples_split=2,
                           min_weight_fraction_leaf=0.0, n_estimators=100,
                           n_iter_no_change=None, presort='deprecated',
                           random_state=1002, subsample=1.0, tol=0.0001,
                           validation_fraction=0.1, verbose=0,
                           warm_start=False)
2021-12-31 11:56:34,769:INFO:create_model() succesfully completed......................................
2021-12-31 11:56:45,800:INFO:Initializing tune_model()
2021-12-31 11:56:45,800:INFO:tune_model(estimator=GradientBoostingClassifier(ccp_alpha=0.0, criterion='friedman_mse', init=None,
                           learning_rate=0.1, loss='deviance', max_depth=3,
                           max_features=None, max_leaf_nodes=None,
                           min_impurity_decrease=0.0, min_impurity_split=None,
                           min_samples_leaf=1, min_samples_split=2,
                           min_weight_fraction_leaf=0.0, n_estimators=100,
                           n_iter_no_change=None, presort='deprecated',
                           random_state=1002, subsample=1.0, tol=0.0001,
                           validation_fraction=0.1, verbose=0,
                           warm_start=False), fold=5, round=4, n_iter=10, custom_grid={'learning_rate': [0.1, 0.2, 0.5], 'n_estimators': [100, 500, 1000], 'min_samples_split': [1, 2, 5, 10], 'max_depth': [1, 3, 9]}, optimize=Accuracy, custom_scorer=None, search_library=scikit-learn, search_algorithm=None, early_stopping=False, early_stopping_max_iters=10, choose_better=False, fit_kwargs=None, groups=None, return_tuner=False, verbose=True, tuner_verbose=True, display=None, kwargs={'optimiza': 'AUC'})
2021-12-31 11:56:45,801:INFO:Checking exceptions
2021-12-31 11:56:45,805:INFO:Preparing display monitor
2021-12-31 11:56:45,868:INFO:Copying training dataset
2021-12-31 11:56:45,873:INFO:Checking base model
2021-12-31 11:56:45,874:INFO:Base model : Gradient Boosting Classifier
2021-12-31 11:56:45,909:INFO:Declaring metric variables
2021-12-31 11:56:45,948:INFO:Defining Hyperparameters
2021-12-31 11:56:46,255:INFO:custom_grid: {'actual_estimator__learning_rate': [0.1, 0.2, 0.5], 'actual_estimator__n_estimators': [100, 500, 1000], 'actual_estimator__min_samples_split': [1, 2, 5, 10], 'actual_estimator__max_depth': [1, 3, 9]}
2021-12-31 11:56:46,255:INFO:Tuning with n_jobs=-1
2021-12-31 11:56:46,256:INFO:Initializing RandomizedSearchCV
2021-12-31 11:57:14,799:INFO:Initializing tune_model()
2021-12-31 11:57:14,799:INFO:tune_model(estimator=GradientBoostingClassifier(ccp_alpha=0.0, criterion='friedman_mse', init=None,
                           learning_rate=0.1, loss='deviance', max_depth=3,
                           max_features=None, max_leaf_nodes=None,
                           min_impurity_decrease=0.0, min_impurity_split=None,
                           min_samples_leaf=1, min_samples_split=2,
                           min_weight_fraction_leaf=0.0, n_estimators=100,
                           n_iter_no_change=None, presort='deprecated',
                           random_state=1002, subsample=1.0, tol=0.0001,
                           validation_fraction=0.1, verbose=0,
                           warm_start=False), fold=5, round=4, n_iter=10, custom_grid={'learning_rate': [0.1, 0.2, 0.5], 'n_estimators': [100, 500, 1000], 'min_samples_split': [1, 2, 5, 10], 'max_depth': [1, 3, 9]}, optimize=AUC, custom_scorer=None, search_library=scikit-learn, search_algorithm=None, early_stopping=False, early_stopping_max_iters=10, choose_better=False, fit_kwargs=None, groups=None, return_tuner=False, verbose=True, tuner_verbose=True, display=None, kwargs={})
2021-12-31 11:57:14,800:INFO:Checking exceptions
2021-12-31 11:57:14,804:INFO:Preparing display monitor
2021-12-31 11:57:14,875:INFO:Copying training dataset
2021-12-31 11:57:14,882:INFO:Checking base model
2021-12-31 11:57:14,883:INFO:Base model : Gradient Boosting Classifier
2021-12-31 11:57:14,919:INFO:Declaring metric variables
2021-12-31 11:57:14,956:INFO:Defining Hyperparameters
2021-12-31 11:57:15,150:INFO:custom_grid: {'actual_estimator__learning_rate': [0.1, 0.2, 0.5], 'actual_estimator__n_estimators': [100, 500, 1000], 'actual_estimator__min_samples_split': [1, 2, 5, 10], 'actual_estimator__max_depth': [1, 3, 9]}
2021-12-31 11:57:15,151:INFO:Tuning with n_jobs=-1
2021-12-31 11:57:15,152:INFO:Initializing RandomizedSearchCV
2021-12-31 12:04:57,403:INFO:best_params: {'actual_estimator__n_estimators': 1000, 'actual_estimator__min_samples_split': 5, 'actual_estimator__max_depth': 3, 'actual_estimator__learning_rate': 0.1}
2021-12-31 12:04:57,406:INFO:Hyperparameter search completed
2021-12-31 12:04:57,406:INFO:SubProcess create_model() called ==================================
2021-12-31 12:04:57,409:INFO:Initializing create_model()
2021-12-31 12:04:57,410:INFO:create_model(estimator=GradientBoostingClassifier(ccp_alpha=0.0, criterion='friedman_mse', init=None,
                           learning_rate=0.1, loss='deviance', max_depth=3,
                           max_features=None, max_leaf_nodes=None,
                           min_impurity_decrease=0.0, min_impurity_split=None,
                           min_samples_leaf=1, min_samples_split=2,
                           min_weight_fraction_leaf=0.0, n_estimators=100,
                           n_iter_no_change=None, presort='deprecated',
                           random_state=1002, subsample=1.0, tol=0.0001,
                           validation_fraction=0.1, verbose=0,
                           warm_start=False), fold=StratifiedKFold(n_splits=5, random_state=None, shuffle=False), round=4, cross_validation=True, predict=True, fit_kwargs={}, groups=None, refit=True, verbose=True, system=False, metrics=None, add_to_model_list=True, probability_threshold=None, display=<pycaret.internal.Display.Display object at 0x00000227F2F606A0>, kwargs={'n_estimators': 1000, 'min_samples_split': 5, 'max_depth': 3, 'learning_rate': 0.1})
2021-12-31 12:04:57,410:INFO:Checking exceptions
2021-12-31 12:04:57,410:INFO:Importing libraries
2021-12-31 12:04:57,411:INFO:Copying training dataset
2021-12-31 12:04:57,414:INFO:Defining folds
2021-12-31 12:04:57,415:INFO:Declaring metric variables
2021-12-31 12:04:57,484:INFO:Importing untrained model
2021-12-31 12:04:57,485:INFO:Declaring custom model
2021-12-31 12:04:57,535:INFO:Gradient Boosting Classifier Imported succesfully
2021-12-31 12:04:57,761:INFO:Starting cross validation
2021-12-31 12:04:57,765:INFO:Cross validating with StratifiedKFold(n_splits=5, random_state=None, shuffle=False), n_jobs=-1
2021-12-31 12:06:06,194:INFO:Calculating mean and std
2021-12-31 12:06:06,197:INFO:Creating metrics dataframe
2021-12-31 12:06:06,235:INFO:Finalizing model
2021-12-31 12:06:33,951:INFO:Uploading results into container
2021-12-31 12:06:33,951:INFO:Uploading model into container now
2021-12-31 12:06:33,952:INFO:create_model_container: 16
2021-12-31 12:06:33,952:INFO:master_model_container: 16
2021-12-31 12:06:33,952:INFO:display_container: 4
2021-12-31 12:06:33,954:INFO:GradientBoostingClassifier(ccp_alpha=0.0, criterion='friedman_mse', init=None,
                           learning_rate=0.1, loss='deviance', max_depth=3,
                           max_features=None, max_leaf_nodes=None,
                           min_impurity_decrease=0.0, min_impurity_split=None,
                           min_samples_leaf=1, min_samples_split=5,
                           min_weight_fraction_leaf=0.0, n_estimators=1000,
                           n_iter_no_change=None, presort='deprecated',
                           random_state=1002, subsample=1.0, tol=0.0001,
                           validation_fraction=0.1, verbose=0,
                           warm_start=False)
2021-12-31 12:06:33,955:INFO:create_model() succesfully completed......................................
2021-12-31 12:06:34,111:INFO:SubProcess create_model() end ==================================
2021-12-31 12:06:34,148:INFO:create_model_container: 16
2021-12-31 12:06:34,148:INFO:master_model_container: 16
2021-12-31 12:06:34,149:INFO:display_container: 4
2021-12-31 12:06:34,152:INFO:GradientBoostingClassifier(ccp_alpha=0.0, criterion='friedman_mse', init=None,
                           learning_rate=0.1, loss='deviance', max_depth=3,
                           max_features=None, max_leaf_nodes=None,
                           min_impurity_decrease=0.0, min_impurity_split=None,
                           min_samples_leaf=1, min_samples_split=5,
                           min_weight_fraction_leaf=0.0, n_estimators=1000,
                           n_iter_no_change=None, presort='deprecated',
                           random_state=1002, subsample=1.0, tol=0.0001,
                           validation_fraction=0.1, verbose=0,
                           warm_start=False)
2021-12-31 12:06:34,156:INFO:tune_model() succesfully completed......................................
2021-12-31 12:06:55,156:INFO:Initializing finalize_model()
2021-12-31 12:06:55,157:INFO:finalize_model(estimator=GradientBoostingClassifier(ccp_alpha=0.0, criterion='friedman_mse', init=None,
                           learning_rate=0.1, loss='deviance', max_depth=3,
                           max_features=None, max_leaf_nodes=None,
                           min_impurity_decrease=0.0, min_impurity_split=None,
                           min_samples_leaf=1, min_samples_split=2,
                           min_weight_fraction_leaf=0.0, n_estimators=100,
                           n_iter_no_change=None, presort='deprecated',
                           random_state=1002, subsample=1.0, tol=0.0001,
                           validation_fraction=0.1, verbose=0,
                           warm_start=False), fit_kwargs=None, groups=None, model_only=True, display=None)
2021-12-31 12:06:55,159:INFO:Finalizing GradientBoostingClassifier(ccp_alpha=0.0, criterion='friedman_mse', init=None,
                           learning_rate=0.1, loss='deviance', max_depth=3,
                           max_features=None, max_leaf_nodes=None,
                           min_impurity_decrease=0.0, min_impurity_split=None,
                           min_samples_leaf=1, min_samples_split=2,
                           min_weight_fraction_leaf=0.0, n_estimators=100,
                           n_iter_no_change=None, presort='deprecated',
                           random_state=1002, subsample=1.0, tol=0.0001,
                           validation_fraction=0.1, verbose=0,
                           warm_start=False)
2021-12-31 12:06:55,162:INFO:Initializing create_model()
2021-12-31 12:06:55,162:INFO:create_model(estimator=GradientBoostingClassifier(ccp_alpha=0.0, criterion='friedman_mse', init=None,
                           learning_rate=0.1, loss='deviance', max_depth=3,
                           max_features=None, max_leaf_nodes=None,
                           min_impurity_decrease=0.0, min_impurity_split=None,
                           min_samples_leaf=1, min_samples_split=2,
                           min_weight_fraction_leaf=0.0, n_estimators=100,
                           n_iter_no_change=None, presort='deprecated',
                           random_state=1002, subsample=1.0, tol=0.0001,
                           validation_fraction=0.1, verbose=0,
                           warm_start=False), fold=None, round=4, cross_validation=True, predict=True, fit_kwargs={}, groups=None, refit=True, verbose=False, system=False, metrics=None, add_to_model_list=False, probability_threshold=None, display=None, kwargs={})
2021-12-31 12:06:55,163:INFO:Checking exceptions
2021-12-31 12:06:55,163:INFO:Importing libraries
2021-12-31 12:06:55,164:INFO:Copying training dataset
2021-12-31 12:06:55,165:INFO:Defining folds
2021-12-31 12:06:55,165:INFO:Declaring metric variables
2021-12-31 12:06:55,166:INFO:Importing untrained model
2021-12-31 12:06:55,166:INFO:Declaring custom model
2021-12-31 12:06:55,169:INFO:Gradient Boosting Classifier Imported succesfully
2021-12-31 12:06:55,170:INFO:Starting cross validation
2021-12-31 12:06:55,171:INFO:Cross validating with StratifiedKFold(n_splits=10, random_state=None, shuffle=False), n_jobs=-1
2021-12-31 12:07:10,336:INFO:Calculating mean and std
2021-12-31 12:07:10,337:INFO:Creating metrics dataframe
2021-12-31 12:07:10,347:INFO:Finalizing model
2021-12-31 12:07:14,490:INFO:create_model_container: 16
2021-12-31 12:07:14,490:INFO:master_model_container: 16
2021-12-31 12:07:14,490:INFO:display_container: 5
2021-12-31 12:07:14,492:INFO:GradientBoostingClassifier(ccp_alpha=0.0, criterion='friedman_mse', init=None,
                           learning_rate=0.1, loss='deviance', max_depth=3,
                           max_features=None, max_leaf_nodes=None,
                           min_impurity_decrease=0.0, min_impurity_split=None,
                           min_samples_leaf=1, min_samples_split=2,
                           min_weight_fraction_leaf=0.0, n_estimators=100,
                           n_iter_no_change=None, presort='deprecated',
                           random_state=1002, subsample=1.0, tol=0.0001,
                           validation_fraction=0.1, verbose=0,
                           warm_start=False)
2021-12-31 12:07:14,492:INFO:create_model() succesfully completed......................................
2021-12-31 12:07:14,617:INFO:create_model_container: 16
2021-12-31 12:07:14,617:INFO:master_model_container: 16
2021-12-31 12:07:14,617:INFO:display_container: 4
2021-12-31 12:07:14,618:INFO:GradientBoostingClassifier(ccp_alpha=0.0, criterion='friedman_mse', init=None,
                           learning_rate=0.1, loss='deviance', max_depth=3,
                           max_features=None, max_leaf_nodes=None,
                           min_impurity_decrease=0.0, min_impurity_split=None,
                           min_samples_leaf=1, min_samples_split=2,
                           min_weight_fraction_leaf=0.0, n_estimators=100,
                           n_iter_no_change=None, presort='deprecated',
                           random_state=1002, subsample=1.0, tol=0.0001,
                           validation_fraction=0.1, verbose=0,
                           warm_start=False)
2021-12-31 12:07:14,618:INFO:finalize_model() succesfully completed......................................
2021-12-31 12:07:19,991:INFO:Initializing save_model()
2021-12-31 12:07:19,991:INFO:save_model(model=GradientBoostingClassifier(ccp_alpha=0.0, criterion='friedman_mse', init=None,
                           learning_rate=0.1, loss='deviance', max_depth=3,
                           max_features=None, max_leaf_nodes=None,
                           min_impurity_decrease=0.0, min_impurity_split=None,
                           min_samples_leaf=1, min_samples_split=2,
                           min_weight_fraction_leaf=0.0, n_estimators=100,
                           n_iter_no_change=None, presort='deprecated',
                           random_state=1002, subsample=1.0, tol=0.0001,
                           validation_fraction=0.1, verbose=0,
                           warm_start=False), model_name=model, prep_pipe_=Pipeline(memory=None,
         steps=[('dtypes',
                 DataTypes_Auto_infer(categorical_features=[],
                                      display_types=True, features_todrop=[],
                                      id_columns=[],
                                      ml_usecase='classification',
                                      numerical_features=['yearsAtCompany'],
                                      target='turnover', time_features=[])),
                ('imputer',
                 Simple_Imputer(categorical_strategy='not_available',
                                fill_value_categorical=None,
                                fill_value_numerical=...
                ('P_transform', 'passthrough'), ('binn', 'passthrough'),
                ('rem_outliers', 'passthrough'), ('cluster_all', 'passthrough'),
                ('dummy', Dummify(target='turnover')),
                ('fix_perfect', Remove_100(target='turnover')),
                ('clean_names', Clean_Colum_Names()),
                ('feature_select', 'passthrough'), ('fix_multi', 'passthrough'),
                ('dfs', 'passthrough'), ('pca', 'passthrough')],
         verbose=False), verbose=True, kwargs={})
2021-12-31 12:07:19,991:INFO:Adding model into prep_pipe
2021-12-31 12:07:20,049:INFO:model.pkl saved in current working directory
2021-12-31 12:07:20,080:INFO:Pipeline(memory=None,
         steps=[('dtypes',
                 DataTypes_Auto_infer(categorical_features=[],
                                      display_types=True, features_todrop=[],
                                      id_columns=[],
                                      ml_usecase='classification',
                                      numerical_features=['yearsAtCompany'],
                                      target='turnover', time_features=[])),
                ('imputer',
                 Simple_Imputer(categorical_strategy='not_available',
                                fill_value_categorical=None,
                                fill_value_numerical=...
                                            learning_rate=0.1, loss='deviance',
                                            max_depth=3, max_features=None,
                                            max_leaf_nodes=None,
                                            min_impurity_decrease=0.0,
                                            min_impurity_split=None,
                                            min_samples_leaf=1,
                                            min_samples_split=2,
                                            min_weight_fraction_leaf=0.0,
                                            n_estimators=100,
                                            n_iter_no_change=None,
                                            presort='deprecated',
                                            random_state=1002, subsample=1.0,
                                            tol=0.0001, validation_fraction=0.1,
                                            verbose=0, warm_start=False)]],
         verbose=False)
2021-12-31 12:07:20,080:INFO:save_model() successfully completed......................................
